<?xml version="1.0" encoding="UTF-8"?>
<testng-results ignored="0" total="1" passed="1" failed="0" skipped="0">
  <reporter-output>
  </reporter-output>
  <suite started-at="2022-07-23T15:05:41Z" name="Default suite" finished-at="2022-07-23T15:05:48Z" duration-ms="6145">
    <groups>
    </groups>
    <test started-at="2022-07-23T15:05:41Z" name="Default test" finished-at="2022-07-23T15:05:48Z" duration-ms="6145">
      <class name="com.sony.qa.base.BaseClass">
        <test-method signature="setUp()[pri:0, instance:com.sony.qa.base.BaseClass@41294f8]" started-at="2022-07-23T15:05:41Z" name="setUp" finished-at="2022-07-23T15:05:48Z" duration-ms="6129" status="PASS">
          <reporter-output>
          </reporter-output>
        </test-method> <!-- setUp -->
      </class> <!-- com.sony.qa.base.BaseClass -->
    </test> <!-- Default test -->
  </suite> <!-- Default suite -->
</testng-results>
