<?xml version="1.0" encoding="UTF-8"?>
<testng-results ignored="0" total="1" passed="1" failed="0" skipped="0">
  <reporter-output>
    <line>
      <![CDATA[[[FirefoxDriver: firefox on WINDOWS (25e4a248-3b9e-43c5-ac9a-e153edc86745)] -> id: tmpl-header_searchBtn] : This element has been clicked]]>
    </line>
    <line>
      <![CDATA[ps4 : value passed into ---> [[FirefoxDriver: firefox on WINDOWS (25e4a248-3b9e-43c5-ac9a-e153edc86745)] -> xpath: //input[@placeholder='Search sony.com']]]]>
    </line>
  </reporter-output>
  <suite started-at="2022-07-27T06:01:33Z" name="Suite" finished-at="2022-07-27T06:01:47Z" duration-ms="13776">
    <groups>
    </groups>
    <test started-at="2022-07-27T06:01:33Z" name="Test" finished-at="2022-07-27T06:01:47Z" duration-ms="13776">
      <class name="com.sony.qa.test.auto.AutoClass">
        <test-method is-config="true" signature="setUp()[pri:0, instance:com.sony.qa.test.auto.AutoClass@56c4278e]" started-at="2022-07-27T06:01:33Z" name="setUp" finished-at="2022-07-27T06:01:39Z" duration-ms="6234" status="PASS">
          <reporter-output>
          </reporter-output>
        </test-method> <!-- setUp -->
        <test-method signature="getAAutoQuote()[pri:0, instance:com.sony.qa.test.auto.AutoClass@56c4278e]" started-at="2022-07-27T06:01:39Z" name="getAAutoQuote" finished-at="2022-07-27T06:01:39Z" duration-ms="404" status="PASS">
          <reporter-output>
            <line>
              <![CDATA[[[FirefoxDriver: firefox on WINDOWS (25e4a248-3b9e-43c5-ac9a-e153edc86745)] -> id: tmpl-header_searchBtn] : This element has been clicked]]>
            </line>
            <line>
              <![CDATA[ps4 : value passed into ---> [[FirefoxDriver: firefox on WINDOWS (25e4a248-3b9e-43c5-ac9a-e153edc86745)] -> xpath: //input[@placeholder='Search sony.com']]]]>
            </line>
          </reporter-output>
        </test-method> <!-- getAAutoQuote -->
        <test-method is-config="true" signature="terminate()[pri:0, instance:com.sony.qa.test.auto.AutoClass@56c4278e]" started-at="2022-07-27T06:01:39Z" name="terminate" finished-at="2022-07-27T06:01:47Z" duration-ms="7114" status="PASS">
          <reporter-output>
          </reporter-output>
        </test-method> <!-- terminate -->
      </class> <!-- com.sony.qa.test.auto.AutoClass -->
    </test> <!-- Test -->
  </suite> <!-- Suite -->
</testng-results>
